<?xml version="1.0" encoding="UTF-8"?>
<!-- Generated by org.testng.reporters.JUnitReportReporter -->
<testsuite hostname="DESKTOP-U849O3D" failures="0" tests="6" name="MyDirectory.TestNgCalculatorTest" time="0.000" errors="0" timestamp="14 Feb 2021 16:08:07 GMT">
  <testcase classname="MyDirectory.TestNgCalculatorTest" name="pushTest" time="0.000"/>
  <testcase classname="MyDirectory.TestNgCalculatorTest" name="pushTest" time="0.000"/>
  <testcase classname="MyDirectory.TestNgCalculatorTest" name="testAdd" time="0.000"/>
  <testcase classname="MyDirectory.TestNgCalculatorTest" name="testAdd" time="0.000"/>
  <testcase classname="MyDirectory.TestNgCalculatorTest" name="testAdd" time="0.000"/>
  <testcase classname="MyDirectory.TestNgCalculatorTest" name="pushTest" time="0.000"/>
</testsuite> <!-- MyDirectory.TestNgCalculatorTest -->
