<?xml version="1.0" encoding="UTF-8"?>
<!-- Generated by org.testng.reporters.JUnitReportReporter -->
<testsuite hostname="DESKTOP-U849O3D" failures="0" tests="1" name="MyDirectory.MyBLogicTest" time="0.169" errors="0" timestamp="14 Feb 2021 16:08:07 GMT">
  <testcase classname="MyDirectory.MyBLogicTest" name="editItem" time="0.169"/>
</testsuite> <!-- MyDirectory.MyBLogicTest -->
